<?xml version="1.0" encoding="UTF-8"?>
<!-- Generated by org.testng.reporters.JUnitReportReporter -->
<testsuite hostname="DESKTOP-UAL4FES" failures="0" tests="1" name="com.studentApp.StudentApplication.CheckboxesAndAlerts" time="37.059" errors="0" timestamp="2024-11-13T07:05:22 IST" skipped="0">
  <testcase classname="com.studentApp.StudentApplication.CheckboxesAndAlerts" name="CheckboxesAlerts" time="37.059"/>
</testsuite> <!-- com.studentApp.StudentApplication.CheckboxesAndAlerts -->
