<?xml version="1.0" encoding="UTF-8"?>
<!-- Generated by org.testng.reporters.JUnitReportReporter -->
<testsuite hostname="DESKTOP-UAL4FES" failures="0" tests="1" name="com.studentApp.StudentApplication.Testng_implementation" time="12.769" errors="0" timestamp="2024-11-11T08:28:35 IST" skipped="0">
  <testcase classname="com.studentApp.StudentApplication.Testng_implementation" name="fieldValidation" time="12.769"/>
</testsuite> <!-- com.studentApp.StudentApplication.Testng_implementation -->
