<?xml version="1.0" encoding="UTF-8"?>
<!-- Generated by org.testng.reporters.JUnitReportReporter -->
<testsuite hostname="vishu" failures="0" tests="1" name="com.studentApp.StudentApplication.ScreenshotsAndChromeOption" time="195.245" errors="0" timestamp="2025-01-29T07:57:20 IST" skipped="0">
  <testcase classname="com.studentApp.StudentApplication.ScreenshotsAndChromeOption" name="screenshotsAndchromeOption" time="195.245"/>
</testsuite> <!-- com.studentApp.StudentApplication.ScreenshotsAndChromeOption -->
