<?xml version="1.0" encoding="UTF-8"?>
<!-- Generated by org.testng.reporters.JUnitReportReporter -->
<testsuite hostname="DESKTOP-UAL4FES" failures="0" tests="1" name="com.studentApp.StudentApplication.javascriptExecutor" time="42.113" errors="0" timestamp="2024-11-16T15:18:38 IST" skipped="0">
  <testcase classname="com.studentApp.StudentApplication.javascriptExecutor" name="javascriptExecutorpractise" time="42.113"/>
</testsuite> <!-- com.studentApp.StudentApplication.javascriptExecutor -->
