<?xml version="1.0" encoding="UTF-8"?>
<!-- Generated by org.testng.reporters.JUnitReportReporter -->
<testsuite hostname="DESKTOP-UAL4FES" failures="0" tests="1" name="com.studentApp.StudentApplication.brokenLinkValidation" time="53.454" errors="0" timestamp="2024-11-17T20:35:46 IST" skipped="0">
  <testcase classname="com.studentApp.StudentApplication.brokenLinkValidation" name="brokenLink" time="53.454"/>
</testsuite> <!-- com.studentApp.StudentApplication.brokenLinkValidation -->
