<?xml version="1.0" encoding="UTF-8"?>
<!-- Generated by org.testng.reporters.JUnitReportReporter -->
<testsuite hostname="DESKTOP-UAL4FES" failures="0" tests="1" name="com.studentApp.StudentApplication.TableAndMore" time="9.678" errors="0" timestamp="2024-11-13T14:34:22 IST" skipped="0">
  <testcase classname="com.studentApp.StudentApplication.TableAndMore" name="statictable" time="9.678"/>
</testsuite> <!-- com.studentApp.StudentApplication.TableAndMore -->
