<?xml version="1.0" encoding="UTF-8"?>
<!-- Generated by org.testng.reporters.JUnitReportReporter -->
<testsuite hostname="DESKTOP-UAL4FES" failures="0" tests="1" name="com.studentApp.StudentApplication.datePicker" time="8.565" errors="0" timestamp="2024-11-21T09:34:10 IST" skipped="0">
  <testcase classname="com.studentApp.StudentApplication.datePicker" name="validateDatePicker" time="8.565"/>
</testsuite> <!-- com.studentApp.StudentApplication.datePicker -->
