<?xml version="1.0" encoding="UTF-8"?>
<!-- Generated by org.testng.reporters.JUnitReportReporter -->
<testsuite hostname="DESKTOP-UAL4FES" failures="0" tests="1" name="com.studentApp.StudentApplication.ActionVsActions" time="7.829" errors="0" timestamp="2024-11-15T12:36:54 IST" skipped="0">
  <testcase classname="com.studentApp.StudentApplication.ActionVsActions" name="performingactions" time="7.829"/>
</testsuite> <!-- com.studentApp.StudentApplication.ActionVsActions -->
